<?xml version="1.0" encoding="UTF-8"?>
<!-- Generated by org.testng.reporters.JUnitReportReporter -->
<testsuite skipped="1" hostname="it-PC" name="testNGfiles.DependancyAnnota" tests="4" failures="0" timestamp="08 Apr 2018 17:56:27 GMT" time="0.018" errors="0">
  <testcase name="FlightBooking" time="0.001" classname="testNGfiles.DependancyAnnota"/>
  <testcase name="timeRelated" time="0.014" classname="testNGfiles.DependancyAnnota"/>
  <testcase name="OpeningBrowser" time="0.003" classname="testNGfiles.DependancyAnnota"/>
  <testcase name="Payment" classname="testNGfiles.DependancyAnnota">
    <skipped/>
  </testcase> <!-- Payment -->
</testsuite> <!-- testNGfiles.DependancyAnnota -->
