<?xml version="1.0" encoding="UTF-8"?>
<!-- Generated by org.testng.reporters.JUnitReportReporter -->
<testsuite skipped="0" hostname="it-PC" name="testNGfiles.Annotation2" tests="1" failures="0" timestamp="08 Apr 2018 18:17:33 GMT" time="0.007" errors="0">
  <testcase name="firstTest" time="0.007" classname="testNGfiles.Annotation2"/>
</testsuite> <!-- testNGfiles.Annotation2 -->
