<?xml version="1.0" encoding="UTF-8"?>
<!-- Generated by org.testng.reporters.JUnitReportReporter -->
<testsuite skipped="0" hostname="it-PC" name="testNGfiles2.ClasstestNG" tests="1" failures="0" timestamp="08 Apr 2018 17:56:27 GMT" time="0.003" errors="0">
  <testcase name="add" time="0.003" classname="testNGfiles2.ClasstestNG"/>
</testsuite> <!-- testNGfiles2.ClasstestNG -->
