<?xml version="1.0" encoding="UTF-8"?>
<!-- Generated by org.testng.reporters.JUnitReportReporter -->
<testsuite skipped="0" hostname="it-PC" name="testNGfiles.Annotations" tests="1" failures="0" timestamp="08 Apr 2018 18:27:22 GMT" time="0.019" errors="0">
  <testcase name="registration" time="0.019" classname="testNGfiles.Annotations"/>
</testsuite> <!-- testNGfiles.Annotations -->
